<?xml version="1.0" encoding="UTF-8"?>
<!-- Generated by org.testng.reporters.JUnitReportReporter -->
<testsuite hostname="LTIN617310" failures="0" tests="3" name="TripPackageAutomation.TripPackageTestNG" time="37.992" errors="0" timestamp="2025-06-24T16:18:25 IST" skipped="0">
  <testcase classname="TripPackageAutomation.TripPackageTestNG" name="navigationAndValidation" time="9.211"/>
  <testcase classname="TripPackageAutomation.TripPackageTestNG" name="listOfHolidayPackageAndPrices" time="26.890"/>
  <testcase classname="TripPackageAutomation.TripPackageTestNG" name="validateWithExcel" time="1.891"/>
</testsuite> <!-- TripPackageAutomation.TripPackageTestNG -->
